03-20 13:17:59 [info] [NapCat] [Core] NapCat.Core Version: 4.7.6
03-20 13:17:59 [info] [NapCat] [WebUi] WebUi Local Panel Url: http://127.0.0.1:6099/webui?token=napcat
03-20 13:17:59 [info] 等待网络连接...
03-20 13:17:59 [info] 网络已连接
03-20 13:17:59 [error] 快速登录失败，未找到该 QQ 历史登录记录，将使用二维码登录方式
03-20 13:18:01 [warn] 请扫描下面的二维码，然后在手Q上授权登录：
03-20 13:18:01 [warn] 

▄▄▄▄▄▄▄▄▄▄▄▄▄▄▄▄▄▄▄▄▄▄▄▄▄▄▄▄▄▄▄▄▄▄▄
█ ▄▄▄▄▄ █ ██▀▀▄█▄▀▀▄ █▀█▄▀█ ▄▄▄▄▄ █
█ █   █ █  ▀█ ▀█ ▄ ▀ ▄ ▄  █ █   █ █
█ █▄▄▄█ █▀  █▄ ▀▄▀█▀▀▀▄▀█▀█ █▄▄▄█ █
█▄▄▄▄▄▄▄█▄█ ▀▄█▄▀▄▀ ▀ ▀ █▄█▄▄▄▄▄▄▄█
█  ▀▀  ▄███▄█▄▀▄ ▄▄█▄▀▄▀█▄▀█ █▄ ▄▄█
█▀▀ █▄▀▄▄▀ ▄█▀██▄▄▀▄▀▀ ▀  ▀▀▄█▀▄▄██
███▄ █▄▄▄ ▀▀▄▀▀▄▀▀▀▀▄██ █▄▀▄█▄▄█▄▄█
█  ▄██▀▄▀█▀▄ ▄██▄▄▀ ▀  ▀ █  ▀  ▄▄██
█▄█ ▀█ ▄█ ▄ █▄▀▄▀█▄▄▄▀▄ ▀█▀▄ ▄▀██▄█
█▀▀▀▄██▄  ▄▄█▀██ ▄ ▄▀▄▀    ▄▀ ▀▄▄██
█▀▀  ▀▀▄ ▀ ▀▄▀▀▄▄▀▀▀ █▄  ▀ ▄ ▄▀██▄█
████▀▀▄▄▀ █  ▄█▀ █ ███ █▄▄  ▄██▄▄██
█▄▄█▄▄▄▄▄▀ ▀█▄▀▄ █ ▀ █▄▄▄ ▄▄▄  ▀ ██
█ ▄▄▄▄▄ █▀  █▀▄▄▄  ▄█ ▀██ █▄█ ▄█▄██
█ █   █ █▄█ ▄ ▀▄█▀██ ▄█ ▀▄▄ ▄ ▄█▀ █
█ █▄▄▄█ █▀▄▄ ▀██▄▀▀█▀  ██ ▄▄ ▄▄█▄██
█▄▄▄▄▄▄▄█▄▄▄███▄████▄█▄██▄▄▄█▄▄██▄█

二维码解码URL: https://txz.qq.com/p?k=pEBTbL4TrugU7EPS7v6oFQvO4HlRCB-L&f=1600001604
如果控制台二维码无法扫码，可以复制解码url到二维码生成网站生成二维码再扫码，也可以打开下方的二维码路径图片进行扫码。
03-20 13:18:01 [warn] 二维码已保存到 D:\githubRes\gfQQBot\napcat\cache\qrcode.png
03-20 13:18:13 [error] [Core] [Login] Login Error,ErrType:  1  ErrCode: 5
03-20 13:18:13 [warn] 请扫描下面的二维码，然后在手Q上授权登录：
03-20 13:18:13 [warn] 

▄▄▄▄▄▄▄▄▄▄▄▄▄▄▄▄▄▄▄▄▄▄▄▄▄▄▄▄▄▄▄▄▄▄▄
█ ▄▄▄▄▄ █▄▄███▀▄█▀██▄  █ ▀█ ▄▄▄▄▄ █
█ █   █ █ ▀█ ▄ █▀ ▀▄ ▀▀▀▄▀█ █   █ █
█ █▄▄▄█ █▄ ▄▄▀▀█▄█▄█ ▄█ █ █ █▄▄▄█ █
█▄▄▄▄▄▄▄█▄▀▄▀▄█ █ ▀ █ █ ▀▄█▄▄▄▄▄▄▄█
█▄▄ ▄▀▀▄▀▄▀████▀▄█▄█▀ ▀▀█▄▄▀█▄▄ ▀ █
█▀▀▄▀ █▄▄▄██▀▀▀▄▀█▄ ▀█▄█ ▀█ ▀▄█▄ ▄█
█▀▀█▀█▀▄▄█ ▀ █▄█ ▀▄█▀██▄██▄█▄▄ ▀▀██
██▀▀▀▀ ▄█▀█▄█ ▄██ ▄▄ █ ██ ▀  ▄█ ███
█ █▀█▄▀▄   █▄▀  ▀▀█ ██▄▄▄▀      ▄ █
█▀▄▄ ▀▄▄█▄▄▀▄ █▀▄▀ ▄█▄█▄▀▀  ██ █▄▀█
█ █▀ ▄▀▄ ▀█▀▄ █▀▄ ▄█ ▀ █  ▄▀▄█▀▄▀▀█
██▀█▄ █▄ ▄▀▄▄▄▀ ▀▄▄▀█▀██ ▄▄▀▀▄▀▄ ▄█
█▄█▄▄▄▄▄▄ ▀█▀ ▄█ ▄▄▄██▀   ▄▄▄ ▄██▄█
█ ▄▄▄▄▄ ██▄  ██▄▀▀▄▀▄ ▀▄  █▄█ ▀▀███
█ █   █ █▀▄███  ▀ █ ▄▄▄▄  ▄▄▄▄█  ▄█
█ █▄▄▄█ █ ██▀ █▀  ▀ █▀▄█▄▀▄ ▄▀█▄▄▀█
█▄▄▄▄▄▄▄█▄▄▄█▄██▄▄▄▄▄▄▄███▄███▄▄███

二维码解码URL: https://txz.qq.com/p?k=A6QccQSfvaxpp-Ge2ax8sa5or1*qo57l&f=1600001604
如果控制台二维码无法扫码，可以复制解码url到二维码生成网站生成二维码再扫码，也可以打开下方的二维码路径图片进行扫码。
03-20 13:18:13 [warn] 二维码已保存到 D:\githubRes\gfQQBot\napcat\cache\qrcode.png
03-20 13:18:34 [debug] 本账号数据/缓存目录： D:\QQdata\Tencent Files\NapCat\data
03-20 13:18:34 [debug] [Core] [Config] 配置文件D:\githubRes\gfQQBot\napcat\config\napcat_3666289634.json加载 {"fileLog":false,"consoleLog":true,"fileLogLevel":"debug","consoleLogLevel":"info","packetBackend":"auto","packetServer":"","o3HookMode":1}
03-20 13:18:34 [warn] [Core] [Packet] wsPacketClient 未配置服务器地址
03-20 13:18:34 [info] [Core] [Packet] 自动选择 NativePacketClient 作为后端
